mode: atomic
github.com/drgsn/filefusion/cmd/filefusion/main.go:52.13,55.2 2 1
github.com/drgsn/filefusion/cmd/filefusion/main.go:58.22,65.2 6 1
github.com/drgsn/filefusion/cmd/filefusion/main.go:68.25,77.2 8 1
github.com/drgsn/filefusion/cmd/filefusion/main.go:80.13,81.42 1 0
github.com/drgsn/filefusion/cmd/filefusion/main.go:81.42,84.3 2 0
github.com/drgsn/filefusion/cmd/filefusion/main.go:90.54,92.22 1 22
github.com/drgsn/filefusion/cmd/filefusion/main.go:92.22,94.6 1 1
github.com/drgsn/filefusion/cmd/filefusion/main.go:97.5,97.52 1 21
github.com/drgsn/filefusion/cmd/filefusion/main.go:97.52,99.6 1 1
github.com/drgsn/filefusion/cmd/filefusion/main.go:101.5,102.19 2 20
github.com/drgsn/filefusion/cmd/filefusion/main.go:102.19,104.6 1 0
github.com/drgsn/filefusion/cmd/filefusion/main.go:106.5,107.19 2 20
github.com/drgsn/filefusion/cmd/filefusion/main.go:107.19,109.6 1 6
github.com/drgsn/filefusion/cmd/filefusion/main.go:111.5,112.19 2 14
github.com/drgsn/filefusion/cmd/filefusion/main.go:112.19,114.6 1 2
github.com/drgsn/filefusion/cmd/filefusion/main.go:116.5,116.59 1 12
github.com/drgsn/filefusion/cmd/filefusion/main.go:119.44,121.32 2 21
github.com/drgsn/filefusion/cmd/filefusion/main.go:121.32,123.20 2 55
github.com/drgsn/filefusion/cmd/filefusion/main.go:123.20,124.21 1 0
github.com/drgsn/filefusion/cmd/filefusion/main.go:126.9,126.60 1 55
github.com/drgsn/filefusion/cmd/filefusion/main.go:126.60,128.10 1 1
github.com/drgsn/filefusion/cmd/filefusion/main.go:130.5,130.15 1 20
github.com/drgsn/filefusion/cmd/filefusion/main.go:134.59,135.20 1 20
github.com/drgsn/filefusion/cmd/filefusion/main.go:135.20,137.17 2 1
github.com/drgsn/filefusion/cmd/filefusion/main.go:137.17,139.4 1 0
github.com/drgsn/filefusion/cmd/filefusion/main.go:140.3,140.30 1 1
github.com/drgsn/filefusion/cmd/filefusion/main.go:142.2,142.18 1 20
github.com/drgsn/filefusion/cmd/filefusion/main.go:146.69,148.16 2 20
github.com/drgsn/filefusion/cmd/filefusion/main.go:148.16,150.3 1 3
github.com/drgsn/filefusion/cmd/filefusion/main.go:152.2,153.16 2 17
github.com/drgsn/filefusion/cmd/filefusion/main.go:153.16,155.3 1 3
github.com/drgsn/filefusion/cmd/filefusion/main.go:157.2,160.8 1 14
github.com/drgsn/filefusion/cmd/filefusion/main.go:164.52,165.22 1 14
github.com/drgsn/filefusion/cmd/filefusion/main.go:165.22,167.3 1 4
github.com/drgsn/filefusion/cmd/filefusion/main.go:169.2,170.13 2 10
github.com/drgsn/filefusion/cmd/filefusion/main.go:171.15,172.34 1 2
github.com/drgsn/filefusion/cmd/filefusion/main.go:173.23,174.34 1 1
github.com/drgsn/filefusion/cmd/filefusion/main.go:175.14,176.33 1 5
github.com/drgsn/filefusion/cmd/filefusion/main.go:177.10,178.94 1 2
github.com/drgsn/filefusion/cmd/filefusion/main.go:183.116,186.33 2 12
github.com/drgsn/filefusion/cmd/filefusion/main.go:186.33,187.80 1 13
github.com/drgsn/filefusion/cmd/filefusion/main.go:187.80,189.4 1 3
github.com/drgsn/filefusion/cmd/filefusion/main.go:191.3,191.23 1 10
github.com/drgsn/filefusion/cmd/filefusion/main.go:191.23,193.9 2 7
github.com/drgsn/filefusion/cmd/filefusion/main.go:197.2,197.12 1 9
github.com/drgsn/filefusion/cmd/filefusion/main.go:201.53,202.19 1 12
github.com/drgsn/filefusion/cmd/filefusion/main.go:202.19,204.3 1 12
github.com/drgsn/filefusion/cmd/filefusion/main.go:206.2,214.3 1 0
github.com/drgsn/filefusion/cmd/filefusion/main.go:218.150,233.16 4 13
github.com/drgsn/filefusion/cmd/filefusion/main.go:233.16,235.3 1 1
github.com/drgsn/filefusion/cmd/filefusion/main.go:237.2,237.68 1 12
github.com/drgsn/filefusion/cmd/filefusion/main.go:237.68,239.3 1 0
github.com/drgsn/filefusion/cmd/filefusion/main.go:241.2,241.12 1 12
github.com/drgsn/filefusion/cmd/filefusion/main.go:241.12,244.3 2 1
github.com/drgsn/filefusion/cmd/filefusion/main.go:246.2,246.54 1 11
github.com/drgsn/filefusion/cmd/filefusion/main.go:250.45,251.22 1 13
github.com/drgsn/filefusion/cmd/filefusion/main.go:251.22,253.3 1 8
github.com/drgsn/filefusion/cmd/filefusion/main.go:254.2,254.36 1 5
github.com/drgsn/filefusion/cmd/filefusion/main.go:258.48,260.42 2 11
github.com/drgsn/filefusion/cmd/filefusion/main.go:260.42,262.3 1 3
github.com/drgsn/filefusion/cmd/filefusion/main.go:263.2,263.22 1 8
github.com/drgsn/filefusion/cmd/filefusion/main.go:267.80,270.18 3 12
github.com/drgsn/filefusion/cmd/filefusion/main.go:270.18,273.3 2 0
github.com/drgsn/filefusion/cmd/filefusion/main.go:273.8,275.3 1 12
github.com/drgsn/filefusion/cmd/filefusion/main.go:277.2,278.29 2 12
github.com/drgsn/filefusion/cmd/filefusion/main.go:278.29,280.3 1 22
github.com/drgsn/filefusion/cmd/filefusion/main.go:282.2,282.12 1 12
github.com/drgsn/filefusion/cmd/filefusion/main.go:286.92,287.39 1 11
github.com/drgsn/filefusion/cmd/filefusion/main.go:287.39,290.3 1 2
github.com/drgsn/filefusion/cmd/filefusion/main.go:292.2,293.36 2 9
github.com/drgsn/filefusion/cmd/filefusion/main.go:293.36,295.3 1 0
github.com/drgsn/filefusion/cmd/filefusion/main.go:298.2,298.18 1 9
github.com/drgsn/filefusion/cmd/filefusion/main.go:298.18,299.59 1 0
github.com/drgsn/filefusion/cmd/filefusion/main.go:299.59,301.4 1 0
github.com/drgsn/filefusion/cmd/filefusion/main.go:304.2,304.12 1 9
github.com/drgsn/filefusion/cmd/filefusion/main.go:308.69,313.26 4 17
github.com/drgsn/filefusion/cmd/filefusion/main.go:313.26,315.3 1 39
github.com/drgsn/filefusion/cmd/filefusion/main.go:317.2,318.27 2 17
github.com/drgsn/filefusion/cmd/filefusion/main.go:318.27,320.34 2 1
github.com/drgsn/filefusion/cmd/filefusion/main.go:320.34,322.4 1 1
github.com/drgsn/filefusion/cmd/filefusion/main.go:325.2,325.95 1 17
github.com/drgsn/filefusion/cmd/filefusion/main.go:325.95,326.17 1 79
github.com/drgsn/filefusion/cmd/filefusion/main.go:326.17,328.4 1 0
github.com/drgsn/filefusion/cmd/filefusion/main.go:330.3,330.19 1 79
github.com/drgsn/filefusion/cmd/filefusion/main.go:330.19,331.37 1 25
github.com/drgsn/filefusion/cmd/filefusion/main.go:331.37,333.5 1 4
github.com/drgsn/filefusion/cmd/filefusion/main.go:334.4,334.14 1 21
github.com/drgsn/filefusion/cmd/filefusion/main.go:337.3,338.17 2 54
github.com/drgsn/filefusion/cmd/filefusion/main.go:338.17,340.4 1 0
github.com/drgsn/filefusion/cmd/filefusion/main.go:342.3,342.87 1 54
github.com/drgsn/filefusion/cmd/filefusion/main.go:342.87,348.4 2 33
github.com/drgsn/filefusion/cmd/filefusion/main.go:350.3,350.13 1 54
github.com/drgsn/filefusion/cmd/filefusion/main.go:353.2,353.16 1 17
github.com/drgsn/filefusion/cmd/filefusion/main.go:353.16,355.3 1 0
github.com/drgsn/filefusion/cmd/filefusion/main.go:357.2,357.21 1 17
github.com/drgsn/filefusion/cmd/filefusion/main.go:357.21,360.3 1 1
github.com/drgsn/filefusion/cmd/filefusion/main.go:362.2,362.30 1 16
github.com/drgsn/filefusion/cmd/filefusion/main.go:366.114,368.42 1 54
github.com/drgsn/filefusion/cmd/filefusion/main.go:368.42,369.20 1 5
github.com/drgsn/filefusion/cmd/filefusion/main.go:369.20,370.12 1 0
github.com/drgsn/filefusion/cmd/filefusion/main.go:373.3,373.46 1 5
github.com/drgsn/filefusion/cmd/filefusion/main.go:373.46,375.4 1 1
github.com/drgsn/filefusion/cmd/filefusion/main.go:379.2,379.27 1 53
github.com/drgsn/filefusion/cmd/filefusion/main.go:379.27,381.3 1 10
github.com/drgsn/filefusion/cmd/filefusion/main.go:384.2,384.35 1 43
github.com/drgsn/filefusion/cmd/filefusion/main.go:384.35,385.20 1 59
github.com/drgsn/filefusion/cmd/filefusion/main.go:385.20,386.12 1 0
github.com/drgsn/filefusion/cmd/filefusion/main.go:389.3,390.26 2 59
github.com/drgsn/filefusion/cmd/filefusion/main.go:390.26,392.4 1 33
github.com/drgsn/filefusion/cmd/filefusion/main.go:395.2,395.14 1 10
github.com/drgsn/filefusion/cmd/filefusion/main.go:399.55,400.37 1 5
github.com/drgsn/filefusion/cmd/filefusion/main.go:400.37,404.3 3 5
github.com/drgsn/filefusion/cmd/filefusion/main.go:406.2,407.16 2 0
github.com/drgsn/filefusion/cmd/filefusion/main.go:411.44,413.16 2 46
github.com/drgsn/filefusion/cmd/filefusion/main.go:413.16,415.3 1 0
github.com/drgsn/filefusion/cmd/filefusion/main.go:417.2,420.9 3 46
github.com/drgsn/filefusion/cmd/filefusion/main.go:421.37,423.41 2 1
github.com/drgsn/filefusion/cmd/filefusion/main.go:424.37,426.41 2 1
github.com/drgsn/filefusion/cmd/filefusion/main.go:427.37,429.41 2 37
github.com/drgsn/filefusion/cmd/filefusion/main.go:430.37,432.41 2 1
github.com/drgsn/filefusion/cmd/filefusion/main.go:433.36,434.40 1 2
github.com/drgsn/filefusion/cmd/filefusion/main.go:435.10,436.82 1 4
github.com/drgsn/filefusion/cmd/filefusion/main.go:439.2,440.16 2 42
github.com/drgsn/filefusion/cmd/filefusion/main.go:440.16,442.3 1 2
github.com/drgsn/filefusion/cmd/filefusion/main.go:444.2,444.14 1 40
github.com/drgsn/filefusion/cmd/filefusion/main.go:444.14,446.3 1 3
github.com/drgsn/filefusion/cmd/filefusion/main.go:448.2,448.30 1 37
github.com/drgsn/filefusion/cmd/filefusion/main.go:452.37,454.18 2 43
github.com/drgsn/filefusion/cmd/filefusion/main.go:454.18,456.3 1 25
github.com/drgsn/filefusion/cmd/filefusion/main.go:457.2,458.46 2 18
github.com/drgsn/filefusion/cmd/filefusion/main.go:458.46,461.3 2 13
github.com/drgsn/filefusion/cmd/filefusion/main.go:462.2,462.76 1 18
github.com/drgsn/filefusion/internal/core/cleaner/cleaner.go:37.75,38.20 1 20
github.com/drgsn/filefusion/internal/core/cleaner/cleaner.go:38.20,40.3 1 2
github.com/drgsn/filefusion/internal/core/cleaner/cleaner.go:42.2,43.16 2 18
github.com/drgsn/filefusion/internal/core/cleaner/cleaner.go:43.16,45.3 1 2
github.com/drgsn/filefusion/internal/core/cleaner/cleaner.go:47.2,51.8 1 16
github.com/drgsn/filefusion/internal/core/cleaner/cleaner.go:56.95,57.14 1 25
github.com/drgsn/filefusion/internal/core/cleaner/cleaner.go:58.14,59.58 1 18
github.com/drgsn/filefusion/internal/core/cleaner/cleaner.go:60.16,61.58 1 5
github.com/drgsn/filefusion/internal/core/cleaner/cleaner.go:62.18,63.62 1 0
github.com/drgsn/filefusion/internal/core/cleaner/cleaner.go:64.17,65.60 1 0
github.com/drgsn/filefusion/internal/core/cleaner/cleaner.go:66.18,67.62 1 0
github.com/drgsn/filefusion/internal/core/cleaner/cleaner.go:68.15,69.56 1 0
github.com/drgsn/filefusion/internal/core/cleaner/cleaner.go:70.16,71.58 1 0
github.com/drgsn/filefusion/internal/core/cleaner/cleaner.go:72.22,73.70 1 0
github.com/drgsn/filefusion/internal/core/cleaner/cleaner.go:74.22,75.70 1 0
github.com/drgsn/filefusion/internal/core/cleaner/cleaner.go:76.15,77.56 1 0
github.com/drgsn/filefusion/internal/core/cleaner/cleaner.go:78.15,79.56 1 0
github.com/drgsn/filefusion/internal/core/cleaner/cleaner.go:80.18,81.62 1 0
github.com/drgsn/filefusion/internal/core/cleaner/cleaner.go:82.15,83.56 1 0
github.com/drgsn/filefusion/internal/core/cleaner/cleaner.go:84.16,85.58 1 0
github.com/drgsn/filefusion/internal/core/cleaner/cleaner.go:86.16,87.58 1 0
github.com/drgsn/filefusion/internal/core/cleaner/cleaner.go:88.10,89.64 1 2
github.com/drgsn/filefusion/internal/core/cleaner/cleaner.go:94.55,95.21 1 7
github.com/drgsn/filefusion/internal/core/cleaner/cleaner.go:95.21,97.3 1 0
github.com/drgsn/filefusion/internal/core/cleaner/cleaner.go:100.2,102.16 3 7
github.com/drgsn/filefusion/internal/core/cleaner/cleaner.go:102.16,104.3 1 0
github.com/drgsn/filefusion/internal/core/cleaner/cleaner.go:105.2,108.17 3 7
github.com/drgsn/filefusion/internal/core/cleaner/cleaner.go:108.17,110.3 1 0
github.com/drgsn/filefusion/internal/core/cleaner/cleaner.go:111.2,114.17 3 7
github.com/drgsn/filefusion/internal/core/cleaner/cleaner.go:114.17,116.3 1 0
github.com/drgsn/filefusion/internal/core/cleaner/cleaner.go:119.2,119.21 1 7
github.com/drgsn/filefusion/internal/core/cleaner/cleaner.go:119.21,121.3 1 1
github.com/drgsn/filefusion/internal/core/cleaner/cleaner.go:123.2,126.53 3 6
github.com/drgsn/filefusion/internal/core/cleaner/cleaner.go:126.53,128.3 1 0
github.com/drgsn/filefusion/internal/core/cleaner/cleaner.go:130.2,130.34 1 6
github.com/drgsn/filefusion/internal/core/cleaner/cleaner.go:130.34,132.3 1 3
github.com/drgsn/filefusion/internal/core/cleaner/cleaner.go:134.2,134.20 1 6
github.com/drgsn/filefusion/internal/core/cleaner/cleaner.go:138.73,139.41 1 91
github.com/drgsn/filefusion/internal/core/cleaner/cleaner.go:139.41,141.3 1 0
github.com/drgsn/filefusion/internal/core/cleaner/cleaner.go:144.2,144.56 1 91
github.com/drgsn/filefusion/internal/core/cleaner/cleaner.go:144.56,146.55 2 83
github.com/drgsn/filefusion/internal/core/cleaner/cleaner.go:146.55,148.4 1 0
github.com/drgsn/filefusion/internal/core/cleaner/cleaner.go:152.2,155.58 2 91
github.com/drgsn/filefusion/internal/core/cleaner/cleaner.go:155.58,156.74 1 177
github.com/drgsn/filefusion/internal/core/cleaner/cleaner.go:156.74,158.9 2 5
github.com/drgsn/filefusion/internal/core/cleaner/cleaner.go:163.2,163.72 1 91
github.com/drgsn/filefusion/internal/core/cleaner/cleaner.go:163.72,165.3 1 2
github.com/drgsn/filefusion/internal/core/cleaner/cleaner.go:168.2,168.80 1 91
github.com/drgsn/filefusion/internal/core/cleaner/cleaner.go:168.80,170.3 1 1
github.com/drgsn/filefusion/internal/core/cleaner/cleaner.go:173.2,173.18 1 91
github.com/drgsn/filefusion/internal/core/cleaner/cleaner.go:173.18,175.3 1 8
github.com/drgsn/filefusion/internal/core/cleaner/cleaner.go:177.2,177.12 1 91
github.com/drgsn/filefusion/internal/core/cleaner/cleaner.go:182.78,184.39 1 91
github.com/drgsn/filefusion/internal/core/cleaner/cleaner.go:184.39,186.3 1 0
github.com/drgsn/filefusion/internal/core/cleaner/cleaner.go:189.2,189.89 1 91
github.com/drgsn/filefusion/internal/core/cleaner/cleaner.go:189.89,191.3 1 0
github.com/drgsn/filefusion/internal/core/cleaner/cleaner.go:193.2,193.13 1 91
github.com/drgsn/filefusion/internal/core/cleaner/cleaner.go:198.79,199.31 1 9
github.com/drgsn/filefusion/internal/core/cleaner/cleaner.go:199.31,201.3 1 1
github.com/drgsn/filefusion/internal/core/cleaner/cleaner.go:203.2,203.35 1 8
github.com/drgsn/filefusion/internal/core/cleaner/cleaner.go:203.35,208.71 3 3
github.com/drgsn/filefusion/internal/core/cleaner/cleaner.go:208.71,210.4 1 1
github.com/drgsn/filefusion/internal/core/cleaner/cleaner.go:213.3,213.67 1 2
github.com/drgsn/filefusion/internal/core/cleaner/cleaner.go:213.67,215.42 2 2
github.com/drgsn/filefusion/internal/core/cleaner/cleaner.go:215.42,217.5 1 1
github.com/drgsn/filefusion/internal/core/cleaner/cleaner.go:221.2,221.13 1 6
github.com/drgsn/filefusion/internal/core/cleaner/cleaner.go:226.72,233.52 4 8
github.com/drgsn/filefusion/internal/core/cleaner/cleaner.go:233.52,235.3 1 4
github.com/drgsn/filefusion/internal/core/cleaner/cleaner.go:238.2,239.57 2 8
github.com/drgsn/filefusion/internal/core/cleaner/cleaner.go:239.57,241.3 1 2
github.com/drgsn/filefusion/internal/core/cleaner/cleaner.go:244.2,246.36 3 8
github.com/drgsn/filefusion/internal/core/cleaner/cleaner.go:246.36,248.3 1 6
github.com/drgsn/filefusion/internal/core/cleaner/cleaner.go:251.2,251.50 1 2
github.com/drgsn/filefusion/internal/core/cleaner/cleaner.go:256.61,257.35 1 3
github.com/drgsn/filefusion/internal/core/cleaner/cleaner.go:257.35,259.3 1 0
github.com/drgsn/filefusion/internal/core/cleaner/cleaner.go:261.2,265.23 4 3
github.com/drgsn/filefusion/internal/core/cleaner/cleaner.go:265.23,269.70 3 17
github.com/drgsn/filefusion/internal/core/cleaner/cleaner.go:269.70,271.4 1 7
github.com/drgsn/filefusion/internal/core/cleaner/cleaner.go:272.3,272.30 1 17
github.com/drgsn/filefusion/internal/core/cleaner/cleaner.go:275.2,275.55 1 3
github.com/drgsn/filefusion/internal/core/cleaner/cleaner.go:279.61,281.16 2 2
github.com/drgsn/filefusion/internal/core/cleaner/cleaner.go:281.16,283.3 1 1
github.com/drgsn/filefusion/internal/core/cleaner/cleaner.go:285.2,286.16 2 1
github.com/drgsn/filefusion/internal/core/cleaner/cleaner.go:286.16,288.3 1 0
github.com/drgsn/filefusion/internal/core/cleaner/cleaner.go:290.2,291.12 2 1
github.com/drgsn/filefusion/internal/core/cleaner/options.go:31.39,53.2 1 8
github.com/drgsn/filefusion/internal/core/cleaner/types.go:25.41,31.2 1 1
github.com/drgsn/filefusion/internal/core/cleaner/handlers/base_handler.go:22.92,26.38 1 4
github.com/drgsn/filefusion/internal/core/cleaner/handlers/base_handler.go:26.38,28.3 1 0
github.com/drgsn/filefusion/internal/core/cleaner/handlers/base_handler.go:30.2,31.21 2 4
github.com/drgsn/filefusion/internal/core/cleaner/handlers/base_handler.go:31.21,33.3 1 0
github.com/drgsn/filefusion/internal/core/cleaner/handlers/base_handler.go:35.2,36.74 2 4
github.com/drgsn/filefusion/internal/core/cleaner/handlers/base_handler.go:39.43,40.22 1 21
github.com/drgsn/filefusion/internal/core/cleaner/handlers/base_handler.go:40.22,42.3 1 0
github.com/drgsn/filefusion/internal/core/cleaner/handlers/base_handler.go:43.2,43.22 1 21
github.com/drgsn/filefusion/internal/core/cleaner/handlers/base_handler.go:43.22,44.16 1 43
github.com/drgsn/filefusion/internal/core/cleaner/handlers/base_handler.go:44.16,46.4 1 0
github.com/drgsn/filefusion/internal/core/cleaner/handlers/base_handler.go:48.2,48.13 1 21
github.com/drgsn/filefusion/internal/core/cleaner/handlers/bash_handler.go:13.50,15.2 1 1
github.com/drgsn/filefusion/internal/core/cleaner/handlers/bash_handler.go:17.49,19.2 1 1
github.com/drgsn/filefusion/internal/core/cleaner/handlers/bash_handler.go:21.52,23.2 1 1
github.com/drgsn/filefusion/internal/core/cleaner/handlers/bash_handler.go:25.77,26.17 1 6
github.com/drgsn/filefusion/internal/core/cleaner/handlers/bash_handler.go:26.17,28.3 1 0
github.com/drgsn/filefusion/internal/core/cleaner/handlers/bash_handler.go:30.2,31.40 2 6
github.com/drgsn/filefusion/internal/core/cleaner/handlers/bash_handler.go:31.40,34.3 1 1
github.com/drgsn/filefusion/internal/core/cleaner/handlers/bash_handler.go:36.2,36.27 1 5
github.com/drgsn/filefusion/internal/core/cleaner/handlers/bash_handler.go:36.27,38.3 1 0
github.com/drgsn/filefusion/internal/core/cleaner/handlers/bash_handler.go:41.2,41.87 1 5
github.com/drgsn/filefusion/internal/core/cleaner/handlers/bash_handler.go:41.87,43.3 1 0
github.com/drgsn/filefusion/internal/core/cleaner/handlers/bash_handler.go:44.2,49.46 2 5
github.com/drgsn/filefusion/internal/core/cleaner/handlers/bash_handler.go:52.78,54.2 1 1
github.com/drgsn/filefusion/internal/core/cleaner/handlers/cpp_handler.go:14.49,16.2 1 1
github.com/drgsn/filefusion/internal/core/cleaner/handlers/cpp_handler.go:18.48,20.2 1 1
github.com/drgsn/filefusion/internal/core/cleaner/handlers/cpp_handler.go:22.51,24.2 1 1
github.com/drgsn/filefusion/internal/core/cleaner/handlers/cpp_handler.go:26.76,27.93 1 7
github.com/drgsn/filefusion/internal/core/cleaner/handlers/cpp_handler.go:27.93,29.3 1 0
github.com/drgsn/filefusion/internal/core/cleaner/handlers/cpp_handler.go:30.2,30.87 1 7
github.com/drgsn/filefusion/internal/core/cleaner/handlers/cpp_handler.go:30.87,32.3 1 0
github.com/drgsn/filefusion/internal/core/cleaner/handlers/cpp_handler.go:33.2,39.42 2 7
github.com/drgsn/filefusion/internal/core/cleaner/handlers/cpp_handler.go:42.77,43.99 1 5
github.com/drgsn/filefusion/internal/core/cleaner/handlers/cpp_handler.go:43.99,45.3 1 0
github.com/drgsn/filefusion/internal/core/cleaner/handlers/cpp_handler.go:46.2,46.87 1 5
github.com/drgsn/filefusion/internal/core/cleaner/handlers/cpp_handler.go:46.87,48.3 1 0
github.com/drgsn/filefusion/internal/core/cleaner/handlers/cpp_handler.go:49.2,56.14 4 5
github.com/drgsn/filefusion/internal/core/cleaner/handlers/cpp_handler.go:56.14,59.3 1 2
github.com/drgsn/filefusion/internal/core/cleaner/handlers/cpp_handler.go:60.2,60.14 1 3
github.com/drgsn/filefusion/internal/core/cleaner/handlers/cpp_handler.go:60.14,63.3 1 1
github.com/drgsn/filefusion/internal/core/cleaner/handlers/cpp_handler.go:64.2,64.14 1 2
github.com/drgsn/filefusion/internal/core/cleaner/handlers/csharp_handler.go:15.52,17.2 1 0
github.com/drgsn/filefusion/internal/core/cleaner/handlers/csharp_handler.go:19.51,21.2 1 0
github.com/drgsn/filefusion/internal/core/cleaner/handlers/csharp_handler.go:23.54,25.2 1 0
github.com/drgsn/filefusion/internal/core/cleaner/handlers/csharp_handler.go:27.79,28.44 1 0
github.com/drgsn/filefusion/internal/core/cleaner/handlers/csharp_handler.go:28.44,30.3 1 0
github.com/drgsn/filefusion/internal/core/cleaner/handlers/csharp_handler.go:31.2,35.45 2 0
github.com/drgsn/filefusion/internal/core/cleaner/handlers/csharp_handler.go:38.80,39.82 1 0
github.com/drgsn/filefusion/internal/core/cleaner/handlers/csharp_handler.go:39.82,41.3 1 0
github.com/drgsn/filefusion/internal/core/cleaner/handlers/csharp_handler.go:42.2,45.86 2 0
github.com/drgsn/filefusion/internal/core/cleaner/handlers/csharp_handler.go:45.86,47.3 1 0
github.com/drgsn/filefusion/internal/core/cleaner/handlers/csharp_handler.go:50.2,50.64 1 0
github.com/drgsn/filefusion/internal/core/cleaner/handlers/csharp_handler.go:50.64,53.3 2 0
github.com/drgsn/filefusion/internal/core/cleaner/handlers/csharp_handler.go:55.2,55.14 1 0
github.com/drgsn/filefusion/internal/core/cleaner/handlers/css_handler.go:12.49,14.2 1 0
github.com/drgsn/filefusion/internal/core/cleaner/handlers/css_handler.go:16.48,19.2 1 0
github.com/drgsn/filefusion/internal/core/cleaner/handlers/css_handler.go:21.51,23.2 1 0
github.com/drgsn/filefusion/internal/core/cleaner/handlers/css_handler.go:25.76,28.2 1 0
github.com/drgsn/filefusion/internal/core/cleaner/handlers/css_handler.go:30.77,33.2 1 0
github.com/drgsn/filefusion/internal/core/cleaner/handlers/go_handler.go:15.48,17.2 1 1
github.com/drgsn/filefusion/internal/core/cleaner/handlers/go_handler.go:19.47,21.2 1 1
github.com/drgsn/filefusion/internal/core/cleaner/handlers/go_handler.go:23.50,25.2 1 1
github.com/drgsn/filefusion/internal/core/cleaner/handlers/go_handler.go:27.75,28.38 1 2
github.com/drgsn/filefusion/internal/core/cleaner/handlers/go_handler.go:28.38,30.3 1 0
github.com/drgsn/filefusion/internal/core/cleaner/handlers/go_handler.go:31.2,35.45 2 2
github.com/drgsn/filefusion/internal/core/cleaner/handlers/go_handler.go:38.76,39.43 1 5
github.com/drgsn/filefusion/internal/core/cleaner/handlers/go_handler.go:39.43,41.3 1 0
github.com/drgsn/filefusion/internal/core/cleaner/handlers/go_handler.go:44.2,45.21 2 5
github.com/drgsn/filefusion/internal/core/cleaner/handlers/go_handler.go:45.21,47.3 1 0
github.com/drgsn/filefusion/internal/core/cleaner/handlers/go_handler.go:49.2,51.50 2 5
github.com/drgsn/filefusion/internal/core/cleaner/handlers/html_handler.go:12.50,14.2 1 1
github.com/drgsn/filefusion/internal/core/cleaner/handlers/html_handler.go:16.49,19.2 1 1
github.com/drgsn/filefusion/internal/core/cleaner/handlers/html_handler.go:21.52,23.2 1 1
github.com/drgsn/filefusion/internal/core/cleaner/handlers/html_handler.go:25.77,28.2 1 5
github.com/drgsn/filefusion/internal/core/cleaner/handlers/html_handler.go:30.78,33.2 1 5
github.com/drgsn/filefusion/internal/core/cleaner/handlers/java_handler.go:15.50,17.2 1 1
github.com/drgsn/filefusion/internal/core/cleaner/handlers/java_handler.go:19.49,21.2 1 1
github.com/drgsn/filefusion/internal/core/cleaner/handlers/java_handler.go:23.52,25.2 1 1
github.com/drgsn/filefusion/internal/core/cleaner/handlers/java_handler.go:27.77,30.37 2 8
github.com/drgsn/filefusion/internal/core/cleaner/handlers/java_handler.go:30.37,32.3 1 0
github.com/drgsn/filefusion/internal/core/cleaner/handlers/java_handler.go:35.2,46.42 3 8
github.com/drgsn/filefusion/internal/core/cleaner/handlers/java_handler.go:46.42,47.48 1 26
github.com/drgsn/filefusion/internal/core/cleaner/handlers/java_handler.go:47.48,49.4 1 6
github.com/drgsn/filefusion/internal/core/cleaner/handlers/java_handler.go:52.2,52.14 1 2
github.com/drgsn/filefusion/internal/core/cleaner/handlers/java_handler.go:55.78,56.41 1 11
github.com/drgsn/filefusion/internal/core/cleaner/handlers/java_handler.go:56.41,58.3 1 0
github.com/drgsn/filefusion/internal/core/cleaner/handlers/java_handler.go:60.2,64.21 3 11
github.com/drgsn/filefusion/internal/core/cleaner/handlers/java_handler.go:64.21,66.3 1 0
github.com/drgsn/filefusion/internal/core/cleaner/handlers/java_handler.go:67.2,78.29 5 11
github.com/drgsn/filefusion/internal/core/cleaner/handlers/javascript_handler.go:15.56,17.2 1 1
github.com/drgsn/filefusion/internal/core/cleaner/handlers/javascript_handler.go:19.55,21.2 1 3
github.com/drgsn/filefusion/internal/core/cleaner/handlers/javascript_handler.go:23.58,25.2 1 1
github.com/drgsn/filefusion/internal/core/cleaner/handlers/javascript_handler.go:27.83,28.38 1 4
github.com/drgsn/filefusion/internal/core/cleaner/handlers/javascript_handler.go:28.38,30.3 1 2
github.com/drgsn/filefusion/internal/core/cleaner/handlers/javascript_handler.go:31.2,33.47 2 2
github.com/drgsn/filefusion/internal/core/cleaner/handlers/javascript_handler.go:36.84,40.36 2 4
github.com/drgsn/filefusion/internal/core/cleaner/handlers/javascript_handler.go:40.36,42.3 1 2
github.com/drgsn/filefusion/internal/core/cleaner/handlers/javascript_handler.go:44.2,48.35 2 2
github.com/drgsn/filefusion/internal/core/cleaner/handlers/kotlin_handler.go:14.52,16.2 1 1
github.com/drgsn/filefusion/internal/core/cleaner/handlers/kotlin_handler.go:18.51,20.2 1 1
github.com/drgsn/filefusion/internal/core/cleaner/handlers/kotlin_handler.go:22.54,24.2 1 1
github.com/drgsn/filefusion/internal/core/cleaner/handlers/kotlin_handler.go:26.79,27.53 1 13
github.com/drgsn/filefusion/internal/core/cleaner/handlers/kotlin_handler.go:27.53,29.3 1 3
github.com/drgsn/filefusion/internal/core/cleaner/handlers/kotlin_handler.go:31.2,31.87 1 10
github.com/drgsn/filefusion/internal/core/cleaner/handlers/kotlin_handler.go:31.87,33.3 1 0
github.com/drgsn/filefusion/internal/core/cleaner/handlers/kotlin_handler.go:35.2,40.43 2 10
github.com/drgsn/filefusion/internal/core/cleaner/handlers/kotlin_handler.go:44.70,45.17 1 21
github.com/drgsn/filefusion/internal/core/cleaner/handlers/kotlin_handler.go:45.17,47.3 1 1
github.com/drgsn/filefusion/internal/core/cleaner/handlers/kotlin_handler.go:48.2,48.29 1 20
github.com/drgsn/filefusion/internal/core/cleaner/handlers/kotlin_handler.go:48.29,50.3 1 2
github.com/drgsn/filefusion/internal/core/cleaner/handlers/kotlin_handler.go:51.2,51.51 1 18
github.com/drgsn/filefusion/internal/core/cleaner/handlers/kotlin_handler.go:51.51,52.74 1 16
github.com/drgsn/filefusion/internal/core/cleaner/handlers/kotlin_handler.go:52.74,54.4 1 8
github.com/drgsn/filefusion/internal/core/cleaner/handlers/kotlin_handler.go:56.2,56.12 1 10
github.com/drgsn/filefusion/internal/core/cleaner/handlers/kotlin_handler.go:59.80,60.17 1 13
github.com/drgsn/filefusion/internal/core/cleaner/handlers/kotlin_handler.go:60.17,62.3 1 1
github.com/drgsn/filefusion/internal/core/cleaner/handlers/kotlin_handler.go:65.2,65.34 1 12
github.com/drgsn/filefusion/internal/core/cleaner/handlers/kotlin_handler.go:65.34,68.52 2 2
github.com/drgsn/filefusion/internal/core/cleaner/handlers/kotlin_handler.go:68.52,70.46 2 1
github.com/drgsn/filefusion/internal/core/cleaner/handlers/kotlin_handler.go:70.46,72.10 2 0
github.com/drgsn/filefusion/internal/core/cleaner/handlers/kotlin_handler.go:77.3,77.20 1 2
github.com/drgsn/filefusion/internal/core/cleaner/handlers/kotlin_handler.go:77.20,78.53 1 0
github.com/drgsn/filefusion/internal/core/cleaner/handlers/kotlin_handler.go:78.53,80.61 2 0
github.com/drgsn/filefusion/internal/core/cleaner/handlers/kotlin_handler.go:80.61,82.6 1 0
github.com/drgsn/filefusion/internal/core/cleaner/handlers/kotlin_handler.go:87.3,87.52 1 2
github.com/drgsn/filefusion/internal/core/cleaner/handlers/kotlin_handler.go:87.52,89.46 2 1
github.com/drgsn/filefusion/internal/core/cleaner/handlers/kotlin_handler.go:89.46,91.55 1 0
github.com/drgsn/filefusion/internal/core/cleaner/handlers/kotlin_handler.go:91.55,93.48 2 0
github.com/drgsn/filefusion/internal/core/cleaner/handlers/kotlin_handler.go:93.48,95.109 2 0
github.com/drgsn/filefusion/internal/core/cleaner/handlers/kotlin_handler.go:95.109,97.8 1 0
github.com/drgsn/filefusion/internal/core/cleaner/handlers/kotlin_handler.go:98.7,98.12 1 0
github.com/drgsn/filefusion/internal/core/cleaner/handlers/kotlin_handler.go:103.3,103.15 1 2
github.com/drgsn/filefusion/internal/core/cleaner/handlers/kotlin_handler.go:106.2,106.21 1 10
github.com/drgsn/filefusion/internal/core/cleaner/handlers/kotlin_handler.go:107.30,109.45 1 7
github.com/drgsn/filefusion/internal/core/cleaner/handlers/kotlin_handler.go:109.45,110.55 1 7
github.com/drgsn/filefusion/internal/core/cleaner/handlers/kotlin_handler.go:110.55,112.61 2 15
github.com/drgsn/filefusion/internal/core/cleaner/handlers/kotlin_handler.go:112.61,114.6 1 7
github.com/drgsn/filefusion/internal/core/cleaner/handlers/kotlin_handler.go:117.26,118.14 1 0
github.com/drgsn/filefusion/internal/core/cleaner/handlers/kotlin_handler.go:119.30,121.52 1 3
github.com/drgsn/filefusion/internal/core/cleaner/handlers/kotlin_handler.go:121.52,123.46 2 3
github.com/drgsn/filefusion/internal/core/cleaner/handlers/kotlin_handler.go:123.46,125.107 2 3
github.com/drgsn/filefusion/internal/core/cleaner/handlers/kotlin_handler.go:125.107,127.6 1 2
github.com/drgsn/filefusion/internal/core/cleaner/handlers/kotlin_handler.go:128.5,128.10 1 1
github.com/drgsn/filefusion/internal/core/cleaner/handlers/kotlin_handler.go:133.2,133.14 1 1
github.com/drgsn/filefusion/internal/core/cleaner/handlers/php_handler.go:13.49,15.2 1 1
github.com/drgsn/filefusion/internal/core/cleaner/handlers/php_handler.go:17.48,19.2 1 1
github.com/drgsn/filefusion/internal/core/cleaner/handlers/php_handler.go:21.51,23.2 1 1
github.com/drgsn/filefusion/internal/core/cleaner/handlers/php_handler.go:25.70,26.17 1 3
github.com/drgsn/filefusion/internal/core/cleaner/handlers/php_handler.go:26.17,28.3 1 0
github.com/drgsn/filefusion/internal/core/cleaner/handlers/php_handler.go:29.2,29.29 1 3
github.com/drgsn/filefusion/internal/core/cleaner/handlers/php_handler.go:29.29,31.3 1 3
github.com/drgsn/filefusion/internal/core/cleaner/handlers/php_handler.go:32.2,32.51 1 0
github.com/drgsn/filefusion/internal/core/cleaner/handlers/php_handler.go:32.51,33.74 1 0
github.com/drgsn/filefusion/internal/core/cleaner/handlers/php_handler.go:33.74,35.4 1 0
github.com/drgsn/filefusion/internal/core/cleaner/handlers/php_handler.go:37.2,37.12 1 0
github.com/drgsn/filefusion/internal/core/cleaner/handlers/php_handler.go:40.76,41.17 1 5
github.com/drgsn/filefusion/internal/core/cleaner/handlers/php_handler.go:41.17,43.3 1 0
github.com/drgsn/filefusion/internal/core/cleaner/handlers/php_handler.go:46.2,49.44 3 5
github.com/drgsn/filefusion/internal/core/cleaner/handlers/php_handler.go:49.44,51.115 2 4
github.com/drgsn/filefusion/internal/core/cleaner/handlers/php_handler.go:51.115,53.4 1 4
github.com/drgsn/filefusion/internal/core/cleaner/handlers/php_handler.go:54.8,54.41 1 1
github.com/drgsn/filefusion/internal/core/cleaner/handlers/php_handler.go:54.41,56.3 1 1
github.com/drgsn/filefusion/internal/core/cleaner/handlers/php_handler.go:58.2,58.20 1 4
github.com/drgsn/filefusion/internal/core/cleaner/handlers/php_handler.go:58.20,60.3 1 0
github.com/drgsn/filefusion/internal/core/cleaner/handlers/php_handler.go:63.2,65.25 1 4
github.com/drgsn/filefusion/internal/core/cleaner/handlers/php_handler.go:68.77,69.17 1 3
github.com/drgsn/filefusion/internal/core/cleaner/handlers/php_handler.go:69.17,71.3 1 0
github.com/drgsn/filefusion/internal/core/cleaner/handlers/php_handler.go:73.2,74.23 2 3
github.com/drgsn/filefusion/internal/core/cleaner/handlers/php_handler.go:74.23,76.3 1 0
github.com/drgsn/filefusion/internal/core/cleaner/handlers/php_handler.go:78.2,78.99 1 3
github.com/drgsn/filefusion/internal/core/cleaner/handlers/php_handler.go:78.99,80.3 1 0
github.com/drgsn/filefusion/internal/core/cleaner/handlers/php_handler.go:82.2,84.54 2 3
github.com/drgsn/filefusion/internal/core/cleaner/handlers/python_handler.go:14.52,16.2 1 1
github.com/drgsn/filefusion/internal/core/cleaner/handlers/python_handler.go:18.51,20.2 1 1
github.com/drgsn/filefusion/internal/core/cleaner/handlers/python_handler.go:22.54,24.2 1 1
github.com/drgsn/filefusion/internal/core/cleaner/handlers/python_handler.go:26.79,27.42 1 12
github.com/drgsn/filefusion/internal/core/cleaner/handlers/python_handler.go:27.42,29.3 1 2
github.com/drgsn/filefusion/internal/core/cleaner/handlers/python_handler.go:30.2,30.87 1 10
github.com/drgsn/filefusion/internal/core/cleaner/handlers/python_handler.go:30.87,32.3 1 0
github.com/drgsn/filefusion/internal/core/cleaner/handlers/python_handler.go:33.2,36.47 2 10
github.com/drgsn/filefusion/internal/core/cleaner/handlers/python_handler.go:39.80,40.57 1 15
github.com/drgsn/filefusion/internal/core/cleaner/handlers/python_handler.go:40.57,42.3 1 3
github.com/drgsn/filefusion/internal/core/cleaner/handlers/python_handler.go:43.2,43.87 1 12
github.com/drgsn/filefusion/internal/core/cleaner/handlers/python_handler.go:43.87,45.3 1 0
github.com/drgsn/filefusion/internal/core/cleaner/handlers/python_handler.go:48.2,49.19 2 12
github.com/drgsn/filefusion/internal/core/cleaner/handlers/python_handler.go:49.19,51.48 2 12
github.com/drgsn/filefusion/internal/core/cleaner/handlers/python_handler.go:51.48,53.4 1 2
github.com/drgsn/filefusion/internal/core/cleaner/handlers/python_handler.go:56.2,57.21 2 10
github.com/drgsn/filefusion/internal/core/cleaner/handlers/python_handler.go:57.21,59.3 1 0
github.com/drgsn/filefusion/internal/core/cleaner/handlers/python_handler.go:60.2,62.34 2 10
github.com/drgsn/filefusion/internal/core/cleaner/handlers/ruby_handler.go:15.50,17.2 1 1
github.com/drgsn/filefusion/internal/core/cleaner/handlers/ruby_handler.go:19.49,21.2 1 1
github.com/drgsn/filefusion/internal/core/cleaner/handlers/ruby_handler.go:23.52,25.2 1 1
github.com/drgsn/filefusion/internal/core/cleaner/handlers/ruby_handler.go:27.77,28.38 1 10
github.com/drgsn/filefusion/internal/core/cleaner/handlers/ruby_handler.go:28.38,30.3 1 2
github.com/drgsn/filefusion/internal/core/cleaner/handlers/ruby_handler.go:32.2,33.78 2 8
github.com/drgsn/filefusion/internal/core/cleaner/handlers/ruby_handler.go:33.78,35.3 1 1
github.com/drgsn/filefusion/internal/core/cleaner/handlers/ruby_handler.go:37.2,41.46 2 7
github.com/drgsn/filefusion/internal/core/cleaner/handlers/ruby_handler.go:44.78,45.38 1 12
github.com/drgsn/filefusion/internal/core/cleaner/handlers/ruby_handler.go:45.38,47.3 1 2
github.com/drgsn/filefusion/internal/core/cleaner/handlers/ruby_handler.go:49.2,50.83 2 10
github.com/drgsn/filefusion/internal/core/cleaner/handlers/ruby_handler.go:50.83,52.3 1 1
github.com/drgsn/filefusion/internal/core/cleaner/handlers/ruby_handler.go:54.2,59.44 2 9
github.com/drgsn/filefusion/internal/core/cleaner/handlers/sql_handler.go:12.49,14.2 1 1
github.com/drgsn/filefusion/internal/core/cleaner/handlers/sql_handler.go:16.48,19.2 1 1
github.com/drgsn/filefusion/internal/core/cleaner/handlers/sql_handler.go:21.51,23.2 1 1
github.com/drgsn/filefusion/internal/core/cleaner/handlers/sql_handler.go:25.76,28.2 1 6
github.com/drgsn/filefusion/internal/core/cleaner/handlers/sql_handler.go:30.77,33.2 1 6
github.com/drgsn/filefusion/internal/core/cleaner/handlers/swift_handler.go:15.51,17.2 1 1
github.com/drgsn/filefusion/internal/core/cleaner/handlers/swift_handler.go:19.50,21.2 1 1
github.com/drgsn/filefusion/internal/core/cleaner/handlers/swift_handler.go:23.53,25.2 1 1
github.com/drgsn/filefusion/internal/core/cleaner/handlers/swift_handler.go:27.78,28.38 1 6
github.com/drgsn/filefusion/internal/core/cleaner/handlers/swift_handler.go:28.38,30.3 1 0
github.com/drgsn/filefusion/internal/core/cleaner/handlers/swift_handler.go:31.2,35.46 2 6
github.com/drgsn/filefusion/internal/core/cleaner/handlers/swift_handler.go:38.79,42.108 2 3
github.com/drgsn/filefusion/internal/core/cleaner/handlers/swift_handler.go:42.108,45.44 2 2
github.com/drgsn/filefusion/internal/core/cleaner/handlers/swift_handler.go:45.44,46.16 1 2
github.com/drgsn/filefusion/internal/core/cleaner/handlers/swift_handler.go:46.16,48.5 1 0
github.com/drgsn/filefusion/internal/core/cleaner/handlers/swift_handler.go:51.4,52.66 2 2
github.com/drgsn/filefusion/internal/core/cleaner/handlers/swift_handler.go:52.66,54.5 1 2
github.com/drgsn/filefusion/internal/core/cleaner/handlers/swift_handler.go:57.4,57.50 1 0
github.com/drgsn/filefusion/internal/core/cleaner/handlers/swift_handler.go:57.50,58.38 1 0
github.com/drgsn/filefusion/internal/core/cleaner/handlers/swift_handler.go:58.38,60.6 1 0
github.com/drgsn/filefusion/internal/core/cleaner/handlers/swift_handler.go:62.4,62.16 1 0
github.com/drgsn/filefusion/internal/core/cleaner/handlers/swift_handler.go:65.3,65.28 1 2
github.com/drgsn/filefusion/internal/core/cleaner/handlers/swift_handler.go:69.2,69.40 1 1
github.com/drgsn/filefusion/internal/core/cleaner/handlers/swift_handler.go:69.40,74.52 3 1
github.com/drgsn/filefusion/internal/core/cleaner/handlers/swift_handler.go:74.52,76.43 2 1
github.com/drgsn/filefusion/internal/core/cleaner/handlers/swift_handler.go:76.43,78.10 2 1
github.com/drgsn/filefusion/internal/core/cleaner/handlers/swift_handler.go:83.3,84.75 1 1
github.com/drgsn/filefusion/internal/core/cleaner/handlers/swift_handler.go:87.2,87.14 1 0
github.com/drgsn/filefusion/internal/core/cleaner/handlers/typescript_handler.go:8.55,11.2 2 1
github.com/drgsn/filefusion/internal/core/finder.go:25.53,27.2 1 19
github.com/drgsn/filefusion/internal/core/finder.go:42.52,45.97 2 13
github.com/drgsn/filefusion/internal/core/finder.go:45.97,46.17 1 79
github.com/drgsn/filefusion/internal/core/finder.go:46.17,48.4 1 0
github.com/drgsn/filefusion/internal/core/finder.go:50.3,51.17 2 79
github.com/drgsn/filefusion/internal/core/finder.go:51.17,53.4 1 0
github.com/drgsn/filefusion/internal/core/finder.go:55.3,55.19 1 79
github.com/drgsn/filefusion/internal/core/finder.go:55.19,57.26 1 27
github.com/drgsn/filefusion/internal/core/finder.go:57.26,59.5 1 0
github.com/drgsn/filefusion/internal/core/finder.go:60.4,60.14 1 27
github.com/drgsn/filefusion/internal/core/finder.go:64.3,65.17 2 52
github.com/drgsn/filefusion/internal/core/finder.go:65.17,67.4 1 0
github.com/drgsn/filefusion/internal/core/finder.go:70.3,71.17 2 52
github.com/drgsn/filefusion/internal/core/finder.go:71.17,73.4 1 0
github.com/drgsn/filefusion/internal/core/finder.go:75.3,75.12 1 52
github.com/drgsn/filefusion/internal/core/finder.go:75.12,77.4 1 16
github.com/drgsn/filefusion/internal/core/finder.go:78.3,78.13 1 52
github.com/drgsn/filefusion/internal/core/finder.go:81.2,81.16 1 13
github.com/drgsn/filefusion/internal/core/finder.go:81.16,83.3 1 0
github.com/drgsn/filefusion/internal/core/finder.go:85.2,85.23 1 13
github.com/drgsn/filefusion/internal/core/finder.go:85.23,88.3 1 6
github.com/drgsn/filefusion/internal/core/finder.go:90.2,90.21 1 7
github.com/drgsn/filefusion/internal/core/finder.go:106.74,108.32 1 52
github.com/drgsn/filefusion/internal/core/finder.go:108.32,110.49 2 7
github.com/drgsn/filefusion/internal/core/finder.go:110.49,112.30 2 12
github.com/drgsn/filefusion/internal/core/finder.go:112.30,113.25 1 0
github.com/drgsn/filefusion/internal/core/finder.go:116.13,119.48 3 12
github.com/drgsn/filefusion/internal/core/finder.go:119.48,122.64 3 12
github.com/drgsn/filefusion/internal/core/finder.go:122.64,124.18 1 3
github.com/drgsn/filefusion/internal/core/finder.go:125.19,125.77 1 0
github.com/drgsn/filefusion/internal/core/finder.go:125.77,127.28 2 0
github.com/drgsn/filefusion/internal/core/finder.go:127.28,129.18 1 0
github.com/drgsn/filefusion/internal/core/finder.go:130.19,132.28 2 0
github.com/drgsn/filefusion/internal/core/finder.go:132.28,134.18 1 0
github.com/drgsn/filefusion/internal/core/finder.go:139.5,140.38 2 49
github.com/drgsn/filefusion/internal/core/finder.go:140.38,142.26 2 55
github.com/drgsn/filefusion/internal/core/finder.go:142.26,143.21 1 0
github.com/drgsn/filefusion/internal/core/finder.go:146.9,147.20 2 55
github.com/drgsn/filefusion/internal/core/finder.go:147.20,149.10 1 16
github.com/drgsn/filefusion/internal/core/finder.go:152.5,152.22 1 33
github.com/drgsn/filefusion/internal/core/mixer.go:35.43,43.2 2 10
github.com/drgsn/filefusion/internal/core/mixer.go:55.29,59.16 2 2
github.com/drgsn/filefusion/internal/core/mixer.go:59.16,61.3 1 0
github.com/drgsn/filefusion/internal/core/mixer.go:62.2,66.16 3 2
github.com/drgsn/filefusion/internal/core/mixer.go:66.16,68.3 1 0
github.com/drgsn/filefusion/internal/core/mixer.go:71.2,73.16 3 2
github.com/drgsn/filefusion/internal/core/mixer.go:73.16,75.3 1 0
github.com/drgsn/filefusion/internal/core/mixer.go:78.2,78.55 1 2
github.com/drgsn/filefusion/internal/core/mixer.go:78.55,80.3 1 0
github.com/drgsn/filefusion/internal/core/mixer.go:82.2,82.12 1 2
github.com/drgsn/filefusion/internal/core/mixer.go:92.56,94.16 2 2
github.com/drgsn/filefusion/internal/core/mixer.go:94.16,96.3 1 0
github.com/drgsn/filefusion/internal/core/mixer.go:97.2,97.40 1 2
github.com/drgsn/filefusion/internal/core/mixer.go:112.41,113.31 1 10
github.com/drgsn/filefusion/internal/core/mixer.go:113.31,115.3 1 1
github.com/drgsn/filefusion/internal/core/mixer.go:117.2,117.32 1 9
github.com/drgsn/filefusion/internal/core/mixer.go:117.32,119.3 1 1
github.com/drgsn/filefusion/internal/core/mixer.go:121.2,121.29 1 8
github.com/drgsn/filefusion/internal/core/mixer.go:121.29,123.3 1 2
github.com/drgsn/filefusion/internal/core/mixer.go:125.2,125.32 1 6
github.com/drgsn/filefusion/internal/core/mixer.go:125.32,127.3 1 1
github.com/drgsn/filefusion/internal/core/mixer.go:129.2,129.34 1 5
github.com/drgsn/filefusion/internal/core/mixer.go:129.34,131.3 1 1
github.com/drgsn/filefusion/internal/core/mixer.go:133.2,133.30 1 4
github.com/drgsn/filefusion/internal/core/mixer.go:134.53,134.53 0 2
github.com/drgsn/filefusion/internal/core/mixer.go:136.10,137.94 1 2
github.com/drgsn/filefusion/internal/core/mixer.go:140.2,140.12 1 2
github.com/drgsn/filefusion/internal/core/output.go:28.63,30.2 1 21
github.com/drgsn/filefusion/internal/core/output.go:44.66,47.16 2 13
github.com/drgsn/filefusion/internal/core/output.go:47.16,52.3 1 0
github.com/drgsn/filefusion/internal/core/output.go:53.2,57.30 3 13
github.com/drgsn/filefusion/internal/core/output.go:58.22,59.43 1 3
github.com/drgsn/filefusion/internal/core/output.go:60.22,61.43 1 3
github.com/drgsn/filefusion/internal/core/output.go:62.21,63.42 1 7
github.com/drgsn/filefusion/internal/core/output.go:64.10,65.94 1 0
github.com/drgsn/filefusion/internal/core/output.go:68.2,68.16 1 13
github.com/drgsn/filefusion/internal/core/output.go:68.16,70.3 1 0
github.com/drgsn/filefusion/internal/core/output.go:73.2,77.16 3 13
github.com/drgsn/filefusion/internal/core/output.go:77.16,79.3 1 0
github.com/drgsn/filefusion/internal/core/output.go:81.2,81.43 1 13
github.com/drgsn/filefusion/internal/core/output.go:81.43,86.3 1 3
github.com/drgsn/filefusion/internal/core/output.go:89.2,89.50 1 10
github.com/drgsn/filefusion/internal/core/output.go:101.85,118.35 2 3
github.com/drgsn/filefusion/internal/core/output.go:118.35,128.3 1 12
github.com/drgsn/filefusion/internal/core/output.go:130.2,132.47 3 3
github.com/drgsn/filefusion/internal/core/output.go:132.47,134.3 1 0
github.com/drgsn/filefusion/internal/core/output.go:135.2,135.12 1 3
github.com/drgsn/filefusion/internal/core/output.go:147.81,159.9 3 3
github.com/drgsn/filefusion/internal/core/output.go:159.9,161.3 1 0
github.com/drgsn/filefusion/internal/core/output.go:164.2,170.35 2 3
github.com/drgsn/filefusion/internal/core/output.go:170.35,180.3 1 12
github.com/drgsn/filefusion/internal/core/output.go:182.2,184.45 3 3
github.com/drgsn/filefusion/internal/core/output.go:184.45,186.3 1 0
github.com/drgsn/filefusion/internal/core/output.go:187.2,187.12 1 3
github.com/drgsn/filefusion/internal/core/output.go:199.84,209.29 2 7
github.com/drgsn/filefusion/internal/core/output.go:209.29,209.45 1 18
github.com/drgsn/filefusion/internal/core/output.go:211.2,211.16 1 7
github.com/drgsn/filefusion/internal/core/output.go:211.16,213.3 1 0
github.com/drgsn/filefusion/internal/core/output.go:215.2,215.50 1 7
github.com/drgsn/filefusion/internal/core/output.go:215.50,217.3 1 0
github.com/drgsn/filefusion/internal/core/output.go:218.2,218.12 1 7
github.com/drgsn/filefusion/internal/core/processor.go:32.59,37.2 1 20
github.com/drgsn/filefusion/internal/core/processor.go:49.77,57.29 5 11
github.com/drgsn/filefusion/internal/core/processor.go:57.29,59.3 1 32
github.com/drgsn/filefusion/internal/core/processor.go:60.2,63.34 2 11
github.com/drgsn/filefusion/internal/core/processor.go:63.34,65.13 2 32
github.com/drgsn/filefusion/internal/core/processor.go:65.13,67.27 2 32
github.com/drgsn/filefusion/internal/core/processor.go:67.27,70.5 2 32
github.com/drgsn/filefusion/internal/core/processor.go:75.2,75.12 1 11
github.com/drgsn/filefusion/internal/core/processor.go:75.12,78.3 2 11
github.com/drgsn/filefusion/internal/core/processor.go:81.2,84.30 3 11
github.com/drgsn/filefusion/internal/core/processor.go:84.30,85.26 1 32
github.com/drgsn/filefusion/internal/core/processor.go:85.26,87.12 2 2
github.com/drgsn/filefusion/internal/core/processor.go:89.3,89.30 1 30
github.com/drgsn/filefusion/internal/core/processor.go:89.30,91.4 1 27
github.com/drgsn/filefusion/internal/core/processor.go:95.2,96.21 2 11
github.com/drgsn/filefusion/internal/core/processor.go:96.21,98.3 1 2
github.com/drgsn/filefusion/internal/core/processor.go:100.2,100.29 1 11
github.com/drgsn/filefusion/internal/core/processor.go:105.61,108.16 2 35
github.com/drgsn/filefusion/internal/core/processor.go:108.16,115.3 1 1
github.com/drgsn/filefusion/internal/core/processor.go:117.2,117.18 1 34
github.com/drgsn/filefusion/internal/core/processor.go:117.18,124.3 1 1
github.com/drgsn/filefusion/internal/core/processor.go:127.2,127.41 1 33
github.com/drgsn/filefusion/internal/core/processor.go:127.41,131.3 2 4
github.com/drgsn/filefusion/internal/core/processor.go:134.2,135.16 2 29
github.com/drgsn/filefusion/internal/core/processor.go:135.16,142.3 1 2
github.com/drgsn/filefusion/internal/core/processor.go:145.2,145.37 1 27
github.com/drgsn/filefusion/internal/core/processor.go:145.37,146.64 1 0
github.com/drgsn/filefusion/internal/core/processor.go:146.64,148.4 1 0
github.com/drgsn/filefusion/internal/core/processor.go:148.9,150.4 1 0
github.com/drgsn/filefusion/internal/core/processor.go:154.2,155.16 2 27
github.com/drgsn/filefusion/internal/core/processor.go:155.16,157.3 1 0
github.com/drgsn/filefusion/internal/core/processor.go:160.2,168.3 1 27
github.com/drgsn/filefusion/internal/core/processor.go:172.83,174.16 2 0
github.com/drgsn/filefusion/internal/core/processor.go:174.16,176.3 1 0
github.com/drgsn/filefusion/internal/core/processor.go:178.2,179.16 2 0
github.com/drgsn/filefusion/internal/core/processor.go:179.16,181.3 1 0
github.com/drgsn/filefusion/internal/core/processor.go:183.2,183.25 1 0
github.com/drgsn/filefusion/internal/core/processor.go:187.93,193.12 4 0
github.com/drgsn/filefusion/internal/core/processor.go:193.12,195.3 1 0
github.com/drgsn/filefusion/internal/core/processor.go:198.2,202.42 3 0
github.com/drgsn/filefusion/internal/core/processor.go:202.42,204.3 1 0
github.com/drgsn/filefusion/internal/core/processor.go:207.2,208.16 2 0
github.com/drgsn/filefusion/internal/core/processor.go:208.16,210.3 1 0
github.com/drgsn/filefusion/internal/core/processor.go:212.2,213.15 2 0
github.com/drgsn/filefusion/internal/core/processor.go:217.73,226.43 6 27
github.com/drgsn/filefusion/internal/core/processor.go:226.43,230.3 2 27
github.com/drgsn/filefusion/internal/core/processor.go:232.2,232.21 1 27
github.com/drgsn/filefusion/internal/core/processor.go:236.70,238.13 2 0
github.com/drgsn/filefusion/internal/core/processor.go:239.13,240.24 1 0
github.com/drgsn/filefusion/internal/core/processor.go:241.15,242.26 1 0
github.com/drgsn/filefusion/internal/core/processor.go:243.13,244.28 1 0
github.com/drgsn/filefusion/internal/core/processor.go:245.13,246.32 1 0
github.com/drgsn/filefusion/internal/core/processor.go:247.13,248.32 1 0
github.com/drgsn/filefusion/internal/core/processor.go:249.15,250.26 1 0
github.com/drgsn/filefusion/internal/core/processor.go:251.14,252.25 1 0
github.com/drgsn/filefusion/internal/core/processor.go:253.27,254.25 1 0
github.com/drgsn/filefusion/internal/core/processor.go:255.13,256.28 1 0
github.com/drgsn/filefusion/internal/core/processor.go:257.14,258.25 1 0
github.com/drgsn/filefusion/internal/core/processor.go:259.13,260.26 1 0
github.com/drgsn/filefusion/internal/core/processor.go:261.22,262.26 1 0
github.com/drgsn/filefusion/internal/core/processor.go:263.16,264.27 1 0
github.com/drgsn/filefusion/internal/core/processor.go:265.13,266.28 1 0
github.com/drgsn/filefusion/internal/core/processor.go:267.14,268.25 1 0
github.com/drgsn/filefusion/internal/core/processor.go:270.2,270.11 1 0
github.com/drgsn/filefusion/internal/core/processor.go:275.24,276.11 1 11
github.com/drgsn/filefusion/internal/core/processor.go:276.11,278.3 1 11
github.com/drgsn/filefusion/internal/core/processor.go:279.2,279.10 1 0
github.com/drgsn/filefusion/internal/core/types.go:38.44,39.19 1 0
github.com/drgsn/filefusion/internal/core/types.go:39.19,41.3 1 0
github.com/drgsn/filefusion/internal/core/types.go:43.2,44.29 2 0
github.com/drgsn/filefusion/internal/core/types.go:44.29,46.14 2 0
github.com/drgsn/filefusion/internal/core/types.go:46.14,47.12 1 0
github.com/drgsn/filefusion/internal/core/types.go:51.3,51.54 1 0
github.com/drgsn/filefusion/internal/core/types.go:51.54,53.4 1 0
github.com/drgsn/filefusion/internal/core/types.go:55.2,55.12 1 0
github.com/drgsn/filefusion/internal/core/types.go:58.52,59.19 1 0
github.com/drgsn/filefusion/internal/core/types.go:59.19,61.3 1 0
github.com/drgsn/filefusion/internal/core/types.go:63.2,64.29 2 0
github.com/drgsn/filefusion/internal/core/types.go:64.29,66.14 2 0
github.com/drgsn/filefusion/internal/core/types.go:66.14,67.12 1 0
github.com/drgsn/filefusion/internal/core/types.go:71.3,71.32 1 0
github.com/drgsn/filefusion/internal/core/types.go:71.32,72.12 1 0
github.com/drgsn/filefusion/internal/core/types.go:76.3,76.54 1 0
github.com/drgsn/filefusion/internal/core/types.go:76.54,78.4 1 0
github.com/drgsn/filefusion/internal/core/types.go:80.2,80.12 1 0
github.com/drgsn/filefusion/internal/core/types.go:83.39,84.23 1 0
github.com/drgsn/filefusion/internal/core/types.go:84.23,86.3 1 0
github.com/drgsn/filefusion/internal/core/types.go:87.2,87.24 1 0
github.com/drgsn/filefusion/internal/core/types.go:87.24,89.3 1 0
github.com/drgsn/filefusion/internal/core/types.go:90.2,90.51 1 0
github.com/drgsn/filefusion/internal/core/types.go:90.51,92.3 1 0
github.com/drgsn/filefusion/internal/core/types.go:93.2,93.59 1 0
github.com/drgsn/filefusion/internal/core/types.go:93.59,95.3 1 0
github.com/drgsn/filefusion/internal/core/types.go:96.2,96.24 1 0
github.com/drgsn/filefusion/internal/core/types.go:96.24,98.3 1 0
github.com/drgsn/filefusion/internal/core/types.go:99.2,99.26 1 0
github.com/drgsn/filefusion/internal/core/types.go:99.26,101.3 1 0
github.com/drgsn/filefusion/internal/core/types.go:102.2,102.22 1 0
github.com/drgsn/filefusion/internal/core/types.go:103.53,103.53 0 0
github.com/drgsn/filefusion/internal/core/types.go:104.10,105.86 1 0
github.com/drgsn/filefusion/internal/core/types.go:107.2,107.12 1 0
github.com/drgsn/filefusion/internal/core/types.go:115.35,116.18 1 13
github.com/drgsn/filefusion/internal/core/types.go:116.18,118.3 1 3
github.com/drgsn/filefusion/internal/core/types.go:119.2,119.18 1 10
